This is pdfTeX, Version 3.141592653-2.6-1.40.26 (TeX Live 2024) (preloaded format=pdflatex 2024.8.13)  8 OCT 2024 16:26
entering extended mode
 restricted \write18 enabled.
 %&-line parsing enabled.
**Documento.tex
(./Documento.tex
LaTeX2e <2024-06-01> patch level 2
L3 programming layer <2024-07-20>
(/Users/cornejo/Library/TinyTeX/texmf-dist/tex/latex/base/article.cls
Document Class: article 2024/02/08 v1.4n Standard LaTeX document class
(/Users/cornejo/Library/TinyTeX/texmf-dist/tex/latex/base/size10.clo
File: size10.clo 2024/02/08 v1.4n Standard LaTeX file (size option)
)
\c@part=\count194
\c@section=\count195
\c@subsection=\count196
\c@subsubsection=\count197
\c@paragraph=\count198
\c@subparagraph=\count199
\c@figure=\count266
\c@table=\count267
\abovecaptionskip=\skip49
\belowcaptionskip=\skip50
\bibindent=\dimen141
) (/Users/cornejo/Library/TinyTeX/texmf-dist/tex/latex/amsmath/amsmath.sty
Package: amsmath 2024/05/23 v2.17q AMS math features
\@mathmargin=\skip51
For additional information on amsmath, use the `?' option.
(/Users/cornejo/Library/TinyTeX/texmf-dist/tex/latex/amsmath/amstext.sty
Package: amstext 2021/08/26 v2.01 AMS text
(/Users/cornejo/Library/TinyTeX/texmf-dist/tex/latex/amsmath/amsgen.sty
File: amsgen.sty 1999/11/30 v2.0 generic functions
\@emptytoks=\toks17
\ex@=\dimen142
)) (/Users/cornejo/Library/TinyTeX/texmf-dist/tex/latex/amsmath/amsbsy.sty
Package: amsbsy 1999/11/29 v1.2d Bold Symbols
\pmbraise@=\dimen143
) (/Users/cornejo/Library/TinyTeX/texmf-dist/tex/latex/amsmath/amsopn.sty
Package: amsopn 2022/04/08 v2.04 operator names
)
\inf@bad=\count268
LaTeX Info: Redefining \frac on input line 233.
\uproot@=\count269
\leftroot@=\count270
LaTeX Info: Redefining \overline on input line 398.
LaTeX Info: Redefining \colon on input line 409.
\classnum@=\count271
\DOTSCASE@=\count272
LaTeX Info: Redefining \ldots on input line 495.
LaTeX Info: Redefining \dots on input line 498.
LaTeX Info: Redefining \cdots on input line 619.
\Mathstrutbox@=\box52
\strutbox@=\box53
LaTeX Info: Redefining \big on input line 721.
LaTeX Info: Redefining \Big on input line 722.
LaTeX Info: Redefining \bigg on input line 723.
LaTeX Info: Redefining \Bigg on input line 724.
\big@size=\dimen144
LaTeX Font Info:    Redeclaring font encoding OML on input line 742.
LaTeX Font Info:    Redeclaring font encoding OMS on input line 743.
\macc@depth=\count273
LaTeX Info: Redefining \bmod on input line 904.
LaTeX Info: Redefining \pmod on input line 909.
LaTeX Info: Redefining \smash on input line 939.
LaTeX Info: Redefining \relbar on input line 969.
LaTeX Info: Redefining \Relbar on input line 970.
\c@MaxMatrixCols=\count274
\dotsspace@=\muskip17
\c@parentequation=\count275
\dspbrk@lvl=\count276
\tag@help=\toks18
\row@=\count277
\column@=\count278
\maxfields@=\count279
\andhelp@=\toks19
\eqnshift@=\dimen145
\alignsep@=\dimen146
\tagshift@=\dimen147
\tagwidth@=\dimen148
\totwidth@=\dimen149
\lineht@=\dimen150
\@envbody=\toks20
\multlinegap=\skip52
\multlinetaggap=\skip53
\mathdisplay@stack=\toks21
LaTeX Info: Redefining \[ on input line 2953.
LaTeX Info: Redefining \] on input line 2954.
) (/Users/cornejo/Library/TinyTeX/texmf-dist/tex/latex/amsfonts/amssymb.sty
Package: amssymb 2013/01/14 v3.01 AMS font symbols
(/Users/cornejo/Library/TinyTeX/texmf-dist/tex/latex/amsfonts/amsfonts.sty
Package: amsfonts 2013/01/14 v3.01 Basic AMSFonts support
\symAMSa=\mathgroup4
\symAMSb=\mathgroup5
LaTeX Font Info:    Redeclaring math symbol \hbar on input line 98.
LaTeX Font Info:    Overwriting math alphabet `\mathfrak' in version `bold'
(Font)                  U/euf/m/n --> U/euf/b/n on input line 106.
)) (/Users/cornejo/Library/TinyTeX/texmf-dist/tex/generic/iftex/iftex.sty
Package: iftex 2022/02/03 v1.0f TeX engine tests
) (/Users/cornejo/Library/TinyTeX/texmf-dist/tex/latex/base/fontenc.sty
Package: fontenc 2021/04/29 v2.0v Standard LaTeX package
) (/Users/cornejo/Library/TinyTeX/texmf-dist/tex/latex/base/inputenc.sty
Package: inputenc 2024/02/08 v1.3d Input encoding file
\inpenc@prehook=\toks22
\inpenc@posthook=\toks23
) (/Users/cornejo/Library/TinyTeX/texmf-dist/tex/latex/base/textcomp.sty
Package: textcomp 2024/04/24 v2.1b Standard LaTeX package
) (/Users/cornejo/Library/TinyTeX/texmf-dist/tex/latex/lm/lmodern.sty
Package: lmodern 2015/05/01 v1.6.1 Latin Modern Fonts
LaTeX Font Info:    Overwriting symbol font `operators' in version `normal'
(Font)                  OT1/cmr/m/n --> OT1/lmr/m/n on input line 22.
LaTeX Font Info:    Overwriting symbol font `letters' in version `normal'
(Font)                  OML/cmm/m/it --> OML/lmm/m/it on input line 23.
LaTeX Font Info:    Overwriting symbol font `symbols' in version `normal'
(Font)                  OMS/cmsy/m/n --> OMS/lmsy/m/n on input line 24.
LaTeX Font Info:    Overwriting symbol font `largesymbols' in version `normal'
(Font)                  OMX/cmex/m/n --> OMX/lmex/m/n on input line 25.
LaTeX Font Info:    Overwriting symbol font `operators' in version `bold'
(Font)                  OT1/cmr/bx/n --> OT1/lmr/bx/n on input line 26.
LaTeX Font Info:    Overwriting symbol font `letters' in version `bold'
(Font)                  OML/cmm/b/it --> OML/lmm/b/it on input line 27.
LaTeX Font Info:    Overwriting symbol font `symbols' in version `bold'
(Font)                  OMS/cmsy/b/n --> OMS/lmsy/b/n on input line 28.
LaTeX Font Info:    Overwriting symbol font `largesymbols' in version `bold'
(Font)                  OMX/cmex/m/n --> OMX/lmex/m/n on input line 29.
LaTeX Font Info:    Overwriting math alphabet `\mathbf' in version `normal'
(Font)                  OT1/cmr/bx/n --> OT1/lmr/bx/n on input line 31.
LaTeX Font Info:    Overwriting math alphabet `\mathsf' in version `normal'
(Font)                  OT1/cmss/m/n --> OT1/lmss/m/n on input line 32.
LaTeX Font Info:    Overwriting math alphabet `\mathit' in version `normal'
(Font)                  OT1/cmr/m/it --> OT1/lmr/m/it on input line 33.
LaTeX Font Info:    Overwriting math alphabet `\mathtt' in version `normal'
(Font)                  OT1/cmtt/m/n --> OT1/lmtt/m/n on input line 34.
LaTeX Font Info:    Overwriting math alphabet `\mathbf' in version `bold'
(Font)                  OT1/cmr/bx/n --> OT1/lmr/bx/n on input line 35.
LaTeX Font Info:    Overwriting math alphabet `\mathsf' in version `bold'
(Font)                  OT1/cmss/bx/n --> OT1/lmss/bx/n on input line 36.
LaTeX Font Info:    Overwriting math alphabet `\mathit' in version `bold'
(Font)                  OT1/cmr/bx/it --> OT1/lmr/bx/it on input line 37.
LaTeX Font Info:    Overwriting math alphabet `\mathtt' in version `bold'
(Font)                  OT1/cmtt/m/n --> OT1/lmtt/m/n on input line 38.
) (/Users/cornejo/Library/TinyTeX/texmf-dist/tex/latex/upquote/upquote.sty
Package: upquote 2012/04/19 v1.3 upright-quote and grave-accent glyphs in verbatim
) (/Users/cornejo/Library/TinyTeX/texmf-dist/tex/latex/microtype/microtype.sty
Package: microtype 2024/03/29 v3.1b Micro-typographical refinements (RS)
(/Users/cornejo/Library/TinyTeX/texmf-dist/tex/latex/graphics/keyval.sty
Package: keyval 2022/05/29 v1.15 key=value parser (DPC)
\KV@toks@=\toks24
) (/Users/cornejo/Library/TinyTeX/texmf-dist/tex/latex/etoolbox/etoolbox.sty
Package: etoolbox 2020/10/05 v2.5k e-TeX tools for LaTeX (JAW)
\etb@tempcnta=\count280
)
\MT@toks=\toks25
\MT@tempbox=\box54
\MT@count=\count281
LaTeX Info: Redefining \noprotrusionifhmode on input line 1061.
LaTeX Info: Redefining \leftprotrusion on input line 1062.
\MT@prot@toks=\toks26
LaTeX Info: Redefining \rightprotrusion on input line 1081.
LaTeX Info: Redefining \textls on input line 1392.
\MT@outer@kern=\dimen151
LaTeX Info: Redefining \textmicrotypecontext on input line 2013.
\MT@listname@count=\count282
(/Users/cornejo/Library/TinyTeX/texmf-dist/tex/latex/microtype/microtype-pdftex.def
File: microtype-pdftex.def 2024/03/29 v3.1b Definitions specific to pdftex (RS)
LaTeX Info: Redefining \lsstyle on input line 902.
LaTeX Info: Redefining \lslig on input line 902.
\MT@outer@space=\skip54
)
Package microtype Info: Loading configuration file microtype.cfg.
(/Users/cornejo/Library/TinyTeX/texmf-dist/tex/latex/microtype/microtype.cfg
File: microtype.cfg 2024/03/29 v3.1b microtype main configuration file (RS)
)) (/Users/cornejo/Library/TinyTeX/texmf-dist/tex/latex/parskip/parskip.sty
Package: parskip 2021-03-14 v2.0h non-zero parskip adjustments
(/Users/cornejo/Library/TinyTeX/texmf-dist/tex/latex/kvoptions/kvoptions.sty
Package: kvoptions 2022-06-15 v3.15 Key value format for package options (HO)
(/Users/cornejo/Library/TinyTeX/texmf-dist/tex/generic/ltxcmds/ltxcmds.sty
Package: ltxcmds 2023-12-04 v1.26 LaTeX kernel commands for general use (HO)
) (/Users/cornejo/Library/TinyTeX/texmf-dist/tex/latex/kvsetkeys/kvsetkeys.sty
Package: kvsetkeys 2022-10-05 v1.19 Key value parser (HO)
))) (/Users/cornejo/Library/TinyTeX/texmf-dist/tex/latex/xcolor/xcolor.sty
Package: xcolor 2023/11/15 v3.01 LaTeX color extensions (UK)
(/Users/cornejo/Library/TinyTeX/texmf-dist/tex/latex/graphics-cfg/color.cfg
File: color.cfg 2016/01/02 v1.6 sample color configuration
)
Package xcolor Info: Driver file: pdftex.def on input line 274.
(/Users/cornejo/Library/TinyTeX/texmf-dist/tex/latex/graphics-def/pdftex.def
File: pdftex.def 2024/04/13 v1.2c Graphics/color driver for pdftex
) (/Users/cornejo/Library/TinyTeX/texmf-dist/tex/latex/graphics/mathcolor.ltx)
Package xcolor Info: Model `cmy' substituted by `cmy0' on input line 1350.
Package xcolor Info: Model `hsb' substituted by `rgb' on input line 1354.
Package xcolor Info: Model `RGB' extended on input line 1366.
Package xcolor Info: Model `HTML' substituted by `rgb' on input line 1368.
Package xcolor Info: Model `Hsb' substituted by `hsb' on input line 1369.
Package xcolor Info: Model `tHsb' substituted by `hsb' on input line 1370.
Package xcolor Info: Model `HSB' substituted by `hsb' on input line 1371.
Package xcolor Info: Model `Gray' substituted by `gray' on input line 1372.
Package xcolor Info: Model `wave' substituted by `hsb' on input line 1373.
) (/Users/cornejo/Library/TinyTeX/texmf-dist/tex/latex/geometry/geometry.sty
Package: geometry 2020/01/02 v5.9 Page Geometry
(/Users/cornejo/Library/TinyTeX/texmf-dist/tex/generic/iftex/ifvtex.sty
Package: ifvtex 2019/10/25 v1.7 ifvtex legacy package. Use iftex instead.
)
\Gm@cnth=\count283
\Gm@cntv=\count284
\c@Gm@tempcnt=\count285
\Gm@bindingoffset=\dimen152
\Gm@wd@mp=\dimen153
\Gm@odd@mp=\dimen154
\Gm@even@mp=\dimen155
\Gm@layoutwidth=\dimen156
\Gm@layoutheight=\dimen157
\Gm@layouthoffset=\dimen158
\Gm@layoutvoffset=\dimen159
\Gm@dimlist=\toks27
) (/Users/cornejo/Library/TinyTeX/texmf-dist/tex/latex/fancyvrb/fancyvrb.sty
Package: fancyvrb 2024/01/20 4.5c verbatim text (tvz,hv)
\FV@CodeLineNo=\count286
\FV@InFile=\read2
\FV@TabBox=\box55
\c@FancyVerbLine=\count287
\FV@StepNumber=\count288
\FV@OutFile=\write3
) (/Users/cornejo/Library/TinyTeX/texmf-dist/tex/latex/framed/framed.sty
Package: framed 2011/10/22 v 0.96: framed or shaded text with page breaks
\OuterFrameSep=\skip55
\fb@frw=\dimen160
\fb@frh=\dimen161
\FrameRule=\dimen162
\FrameSep=\dimen163
) (/Users/cornejo/Library/TinyTeX/texmf-dist/tex/latex/graphics/graphicx.sty
Package: graphicx 2021/09/16 v1.2d Enhanced LaTeX Graphics (DPC,SPQR)
(/Users/cornejo/Library/TinyTeX/texmf-dist/tex/latex/graphics/graphics.sty
Package: graphics 2024/05/23 v1.4g Standard LaTeX Graphics (DPC,SPQR)
(/Users/cornejo/Library/TinyTeX/texmf-dist/tex/latex/graphics/trig.sty
Package: trig 2023/12/02 v1.11 sin cos tan (DPC)
) (/Users/cornejo/Library/TinyTeX/texmf-dist/tex/latex/graphics-cfg/graphics.cfg
File: graphics.cfg 2016/06/04 v1.11 sample graphics configuration
)
Package graphics Info: Driver file: pdftex.def on input line 106.
)
\Gin@req@height=\dimen164
\Gin@req@width=\dimen165
) (/Users/cornejo/Library/TinyTeX/texmf-dist/tex/latex/bookmark/bookmark.sty
Package: bookmark 2023-12-10 v1.31 PDF bookmarks (HO)
(/Users/cornejo/Library/TinyTeX/texmf-dist/tex/latex/hyperref/hyperref.sty
Package: hyperref 2024-07-10 v7.01j Hypertext links for LaTeX
(/Users/cornejo/Library/TinyTeX/texmf-dist/tex/generic/kvdefinekeys/kvdefinekeys.sty
Package: kvdefinekeys 2019-12-19 v1.6 Define keys (HO)
) (/Users/cornejo/Library/TinyTeX/texmf-dist/tex/generic/pdfescape/pdfescape.sty
Package: pdfescape 2019/12/09 v1.15 Implements pdfTeX's escape features (HO)
(/Users/cornejo/Library/TinyTeX/texmf-dist/tex/generic/pdftexcmds/pdftexcmds.sty
Package: pdftexcmds 2020-06-27 v0.33 Utility functions of pdfTeX for LuaTeX (HO)
(/Users/cornejo/Library/TinyTeX/texmf-dist/tex/generic/infwarerr/infwarerr.sty
Package: infwarerr 2019/12/03 v1.5 Providing info/warning/error messages (HO)
)
Package pdftexcmds Info: \pdf@primitive is available.
Package pdftexcmds Info: \pdf@ifprimitive is available.
Package pdftexcmds Info: \pdfdraftmode found.
)) (/Users/cornejo/Library/TinyTeX/texmf-dist/tex/latex/hycolor/hycolor.sty
Package: hycolor 2020-01-27 v1.10 Color options for hyperref/bookmark (HO)
) (/Users/cornejo/Library/TinyTeX/texmf-dist/tex/latex/hyperref/nameref.sty
Package: nameref 2023-11-26 v2.56 Cross-referencing by name of section
(/Users/cornejo/Library/TinyTeX/texmf-dist/tex/latex/refcount/refcount.sty
Package: refcount 2019/12/15 v3.6 Data extraction from label references (HO)
) (/Users/cornejo/Library/TinyTeX/texmf-dist/tex/generic/gettitlestring/gettitlestring.sty
Package: gettitlestring 2019/12/15 v1.6 Cleanup title references (HO)
)
\c@section@level=\count289
) (/Users/cornejo/Library/TinyTeX/texmf-dist/tex/generic/stringenc/stringenc.sty
Package: stringenc 2019/11/29 v1.12 Convert strings between diff. encodings (HO)
)
\@linkdim=\dimen166
\Hy@linkcounter=\count290
\Hy@pagecounter=\count291
(/Users/cornejo/Library/TinyTeX/texmf-dist/tex/latex/hyperref/pd1enc.def
File: pd1enc.def 2024-07-10 v7.01j Hyperref: PDFDocEncoding definition (HO)
Now handling font encoding PD1 ...
... no UTF-8 mapping file for font encoding PD1
) (/Users/cornejo/Library/TinyTeX/texmf-dist/tex/generic/intcalc/intcalc.sty
Package: intcalc 2019/12/15 v1.3 Expandable calculations with integers (HO)
)
\Hy@SavedSpaceFactor=\count292
(/Users/cornejo/Library/TinyTeX/texmf-dist/tex/latex/hyperref/puenc.def
File: puenc.def 2024-07-10 v7.01j Hyperref: PDF Unicode definition (HO)
Now handling font encoding PU ...
... no UTF-8 mapping file for font encoding PU
)
Package hyperref Info: Option `unicode' set `true' on input line 4040.
Package hyperref Info: Hyper figures OFF on input line 4157.
Package hyperref Info: Link nesting OFF on input line 4162.
Package hyperref Info: Hyper index ON on input line 4165.
Package hyperref Info: Plain pages OFF on input line 4172.
Package hyperref Info: Backreferencing OFF on input line 4177.
Package hyperref Info: Implicit mode ON; LaTeX internals redefined.
Package hyperref Info: Bookmarks ON on input line 4424.
\c@Hy@tempcnt=\count293
(/Users/cornejo/Library/TinyTeX/texmf-dist/tex/latex/url/url.sty
\Urlmuskip=\muskip18
Package: url 2013/09/16  ver 3.4  Verb mode for urls, etc.
)
LaTeX Info: Redefining \url on input line 4763.
\XeTeXLinkMargin=\dimen167
(/Users/cornejo/Library/TinyTeX/texmf-dist/tex/generic/bitset/bitset.sty
Package: bitset 2019/12/09 v1.3 Handle bit-vector datatype (HO)
(/Users/cornejo/Library/TinyTeX/texmf-dist/tex/generic/bigintcalc/bigintcalc.sty
Package: bigintcalc 2019/12/15 v1.5 Expandable calculations on big integers (HO)
))
\Fld@menulength=\count294
\Field@Width=\dimen168
\Fld@charsize=\dimen169
Package hyperref Info: Hyper figures OFF on input line 6042.
Package hyperref Info: Link nesting OFF on input line 6047.
Package hyperref Info: Hyper index ON on input line 6050.
Package hyperref Info: backreferencing OFF on input line 6057.
Package hyperref Info: Link coloring OFF on input line 6062.
Package hyperref Info: Link coloring with OCG OFF on input line 6067.
Package hyperref Info: PDF/A mode OFF on input line 6072.
(/Users/cornejo/Library/TinyTeX/texmf-dist/tex/latex/base/atbegshi-ltx.sty
Package: atbegshi-ltx 2021/01/10 v1.0c Emulation of the original atbegshi
package with kernel methods
)
\Hy@abspage=\count295
\c@Item=\count296
\c@Hfootnote=\count297
)
Package hyperref Info: Driver (autodetected): hpdftex.
(/Users/cornejo/Library/TinyTeX/texmf-dist/tex/latex/hyperref/hpdftex.def
File: hpdftex.def 2024-07-10 v7.01j Hyperref driver for pdfTeX
(/Users/cornejo/Library/TinyTeX/texmf-dist/tex/latex/base/atveryend-ltx.sty
Package: atveryend-ltx 2020/08/19 v1.0a Emulation of the original atveryend package
with kernel methods
)
\Fld@listcount=\count298
\c@bookmark@seq@number=\count299
(/Users/cornejo/Library/TinyTeX/texmf-dist/tex/latex/rerunfilecheck/rerunfilecheck.sty
Package: rerunfilecheck 2022-07-10 v1.10 Rerun checks for auxiliary files (HO)
(/Users/cornejo/Library/TinyTeX/texmf-dist/tex/generic/uniquecounter/uniquecounter.sty
Package: uniquecounter 2019/12/15 v1.4 Provide unlimited unique counter (HO)
)
Package uniquecounter Info: New unique counter `rerunfilecheck' on input line 285.
)
\Hy@SectionHShift=\skip56
) (/Users/cornejo/Library/TinyTeX/texmf-dist/tex/latex/bookmark/bkm-pdftex.def
File: bkm-pdftex.def 2023-12-10 v1.31 bookmark driver for pdfTeX and luaTeX (HO)
\BKM@id=\count300
))
LaTeX Font Info:    Trying to load font information for T1+lmr on input line 113.
(/Users/cornejo/Library/TinyTeX/texmf-dist/tex/latex/lm/t1lmr.fd
File: t1lmr.fd 2015/05/01 v1.6.1 Font defs for Latin Modern
) (/Users/cornejo/Library/TinyTeX/texmf-dist/tex/latex/l3backend/l3backend-pdftex.def
File: l3backend-pdftex.def 2024-05-08 L3 backend support: PDF output (pdfTeX)
\l__color_backend_stack_int=\count301
\l__pdf_internal_box=\box56
) (./Documento.aux)
\openout1 = `Documento.aux'.

LaTeX Font Info:    Checking defaults for OML/cmm/m/it on input line 113.
LaTeX Font Info:    ... okay on input line 113.
LaTeX Font Info:    Checking defaults for OMS/cmsy/m/n on input line 113.
LaTeX Font Info:    ... okay on input line 113.
LaTeX Font Info:    Checking defaults for OT1/cmr/m/n on input line 113.
LaTeX Font Info:    ... okay on input line 113.
LaTeX Font Info:    Checking defaults for T1/cmr/m/n on input line 113.
LaTeX Font Info:    ... okay on input line 113.
LaTeX Font Info:    Checking defaults for TS1/cmr/m/n on input line 113.
LaTeX Font Info:    ... okay on input line 113.
LaTeX Font Info:    Checking defaults for OMX/cmex/m/n on input line 113.
LaTeX Font Info:    ... okay on input line 113.
LaTeX Font Info:    Checking defaults for U/cmr/m/n on input line 113.
LaTeX Font Info:    ... okay on input line 113.
LaTeX Font Info:    Checking defaults for PD1/pdf/m/n on input line 113.
LaTeX Font Info:    ... okay on input line 113.
LaTeX Font Info:    Checking defaults for PU/pdf/m/n on input line 113.
LaTeX Font Info:    ... okay on input line 113.
LaTeX Info: Redefining \microtypecontext on input line 113.
Package microtype Info: Applying patch `item' on input line 113.
Package microtype Info: Applying patch `toc' on input line 113.
Package microtype Info: Applying patch `eqnum' on input line 113.
Package microtype Info: Applying patch `footnote' on input line 113.
Package microtype Info: Applying patch `verbatim' on input line 113.
Package microtype Info: Generating PDF output.
Package microtype Info: Character protrusion enabled (level 2).
Package microtype Info: Using protrusion set `basicmath'.
Package microtype Info: Automatic font expansion enabled (level 2),
(microtype)             stretch: 20, shrink: 20, step: 1, non-selected.
Package microtype Info: Using default expansion set `alltext-nott'.
LaTeX Info: Redefining \showhyphens on input line 113.
Package microtype Info: No adjustment of tracking.
Package microtype Info: No adjustment of interword spacing.
Package microtype Info: No adjustment of character kerning.
(/Users/cornejo/Library/TinyTeX/texmf-dist/tex/latex/microtype/mt-cmr.cfg
File: mt-cmr.cfg 2013/05/19 v2.2 microtype config. file: Computer Modern Roman (RS)
) (/Users/cornejo/Library/TinyTeX/texmf-dist/tex/latex/epstopdf-pkg/epstopdf-base.sty
Package: epstopdf-base 2020-01-24 v2.11 Base part for package epstopdf
Package epstopdf-base Info: Redefining graphics rule for `.eps' on input line 485.
(/Users/cornejo/Library/TinyTeX/texmf-dist/tex/latex/latexconfig/epstopdf-sys.cfg
File: epstopdf-sys.cfg 2010/07/13 v1.3 Configuration of (r)epstopdf for TeX Live
))
*geometry* driver: auto-detecting
*geometry* detected driver: pdftex
*geometry* verbose mode - [ preamble ] result:
* driver: pdftex
* paper: <default>
* layout: <same size as paper>
* layoutoffset:(h,v)=(0.0pt,0.0pt)
* modes: 
* h-part:(L,W,R)=(72.26999pt, 469.75502pt, 72.26999pt)
* v-part:(T,H,B)=(72.26999pt, 650.43001pt, 72.26999pt)
* \paperwidth=614.295pt
* \paperheight=794.96999pt
* \textwidth=469.75502pt
* \textheight=650.43001pt
* \oddsidemargin=0.0pt
* \evensidemargin=0.0pt
* \topmargin=-37.0pt
* \headheight=12.0pt
* \headsep=25.0pt
* \topskip=10.0pt
* \footskip=30.0pt
* \marginparwidth=65.0pt
* \marginparsep=11.0pt
* \columnsep=10.0pt
* \skip\footins=9.0pt plus 4.0pt minus 2.0pt
* \hoffset=0.0pt
* \voffset=0.0pt
* \mag=1000
* \@twocolumnfalse
* \@twosidefalse
* \@mparswitchfalse
* \@reversemarginfalse
* (1in=72.27pt=25.4mm, 1cm=28.453pt)

Package hyperref Info: Link coloring OFF on input line 113.
LaTeX Font Info:    Trying to load font information for OT1+lmr on input line 115.
(/Users/cornejo/Library/TinyTeX/texmf-dist/tex/latex/lm/ot1lmr.fd
File: ot1lmr.fd 2015/05/01 v1.6.1 Font defs for Latin Modern
)
LaTeX Font Info:    Trying to load font information for OML+lmm on input line 115.
(/Users/cornejo/Library/TinyTeX/texmf-dist/tex/latex/lm/omllmm.fd
File: omllmm.fd 2015/05/01 v1.6.1 Font defs for Latin Modern
)
LaTeX Font Info:    Trying to load font information for OMS+lmsy on input line 115.
(/Users/cornejo/Library/TinyTeX/texmf-dist/tex/latex/lm/omslmsy.fd
File: omslmsy.fd 2015/05/01 v1.6.1 Font defs for Latin Modern
)
LaTeX Font Info:    Trying to load font information for OMX+lmex on input line 115.
(/Users/cornejo/Library/TinyTeX/texmf-dist/tex/latex/lm/omxlmex.fd
File: omxlmex.fd 2015/05/01 v1.6.1 Font defs for Latin Modern
)
LaTeX Font Info:    External font `lmex10' loaded for size
(Font)              <12> on input line 115.
LaTeX Font Info:    External font `lmex10' loaded for size
(Font)              <8> on input line 115.
LaTeX Font Info:    External font `lmex10' loaded for size
(Font)              <6> on input line 115.
LaTeX Font Info:    Trying to load font information for U+msa on input line 115.
(/Users/cornejo/Library/TinyTeX/texmf-dist/tex/latex/amsfonts/umsa.fd
File: umsa.fd 2013/01/14 v3.01 AMS symbols A
) (/Users/cornejo/Library/TinyTeX/texmf-dist/tex/latex/microtype/mt-msa.cfg
File: mt-msa.cfg 2006/02/04 v1.1 microtype config. file: AMS symbols (a) (RS)
)
LaTeX Font Info:    Trying to load font information for U+msb on input line 115.
(/Users/cornejo/Library/TinyTeX/texmf-dist/tex/latex/amsfonts/umsb.fd
File: umsb.fd 2013/01/14 v3.01 AMS symbols B
) (/Users/cornejo/Library/TinyTeX/texmf-dist/tex/latex/microtype/mt-msb.cfg
File: mt-msb.cfg 2005/06/01 v1.0 microtype config. file: AMS symbols (b) (RS)
)
<images/1.1_effect-size.png, id=8, 328.5876pt x 260.6538pt>
File: images/1.1_effect-size.png Graphic file (type png)
<use images/1.1_effect-size.png>
Package pdftex.def Info: images/1.1_effect-size.png  used on input line 157.
(pdftex.def)             Requested size: 328.62189pt x 260.68097pt.
LaTeX Font Info:    Trying to load font information for TS1+lmr on input line 188.
(/Users/cornejo/Library/TinyTeX/texmf-dist/tex/latex/lm/ts1lmr.fd
File: ts1lmr.fd 2015/05/01 v1.6.1 Font defs for Latin Modern
)

[1

{/Users/cornejo/Library/TinyTeX/texmf-var/fonts/map/pdftex/updmap/pdftex.map}{/Users/cornejo/Library/TinyTeX/texmf-dist/fonts/enc/dvips/lm/lm-ec.enc}{/Users/cornejo/Library/TinyTeX/texmf-dist/fonts/enc/dvips/lm/lm-ts1.enc}]
<images/2.1_workflow.png, id=32, 1333.98375pt x 260.975pt>
File: images/2.1_workflow.png Graphic file (type png)
<use images/2.1_workflow.png>
Package pdftex.def Info: images/2.1_workflow.png  used on input line 245.
(pdftex.def)             Requested size: 469.75099pt x 91.90012pt.


[2 <./images/1.1_effect-size.png>]
<images/3.1_phd_comics_final.png, id=42, 617.30624pt x 841.1425pt>
File: images/3.1_phd_comics_final.png Graphic file (type png)
<use images/3.1_phd_comics_final.png>
Package pdftex.def Info: images/3.1_phd_comics_final.png  used on input line 270.
(pdftex.def)             Requested size: 469.76987pt x 640.10922pt.

LaTeX Warning: Float too large for page by 13.62364pt on input line 275.

LaTeX Font Info:    Trying to load font information for T1+lmtt on input line 291.
(/Users/cornejo/Library/TinyTeX/texmf-dist/tex/latex/lm/t1lmtt.fd
File: t1lmtt.fd 2015/05/01 v1.6.1 Font defs for Latin Modern
)
<images/3.2_version-graph.png, id=43, 309.3156pt x 502.0356pt>
File: images/3.2_version-graph.png Graphic file (type png)
<use images/3.2_version-graph.png>
Package pdftex.def Info: images/3.2_version-graph.png  used on input line 302.
(pdftex.def)             Requested size: 187.89874pt x 304.96964pt.


[3 <./images/2.1_workflow.png>]

[4 <./images/3.1_phd_comics_final.png>]

[5 <./images/3.2_version-graph.png>]
LaTeX Font Info:    Font shape `T1/lmtt/bx/n' in size <10> not available
(Font)              Font shape `T1/lmtt/b/n' tried instead on input line 361.


[6]
<images/5.1_rstudio_new-rmd-doc-html.png, id=81, 629.35126pt x 497.86pt>
File: images/5.1_rstudio_new-rmd-doc-html.png Graphic file (type png)
<use images/5.1_rstudio_new-rmd-doc-html.png>
Package pdftex.def Info: images/5.1_rstudio_new-rmd-doc-html.png  used on input line 469.
(pdftex.def)             Requested size: 352.31906pt x 278.70853pt.
<images/5.2_rmarkdown.png, id=82, 848.16875pt x 592.2125pt>
File: images/5.2_rmarkdown.png Graphic file (type png)
<use images/5.2_rmarkdown.png>
Package pdftex.def Info: images/5.2_rmarkdown.png  used on input line 499.
(pdftex.def)             Requested size: 469.75563pt x 327.99506pt.
<images/5.3_rmarkdown_side_by_side.png, id=83, 963.6pt x 385.44pt>
File: images/5.3_rmarkdown_side_by_side.png Graphic file (type png)
<use images/5.3_rmarkdown_side_by_side.png>
Package pdftex.def Info: images/5.3_rmarkdown_side_by_side.png  used on input line 516.
(pdftex.def)             Requested size: 469.75679pt x 187.90271pt.


[7]
LaTeX Font Info:    External font `lmex10' loaded for size
(Font)              <10> on input line 581.
LaTeX Font Info:    External font `lmex10' loaded for size
(Font)              <7> on input line 581.
LaTeX Font Info:    External font `lmex10' loaded for size
(Font)              <5> on input line 581.


[8 <./images/5.1_rstudio_new-rmd-doc-html.png>]

[9 <./images/5.2_rmarkdown.png> <./images/5.3_rmarkdown_side_by_side.png (PNG copy)>]

[10]

[11]

LaTeX Font Warning: Font shape `T1/lmtt/bx/it' in size <10> not available
(Font)              Font shape `T1/lmtt/b/sl' tried instead on input line 825.

LaTeX Font Info:    Font shape `T1/lmtt/bx/n' in size <12> not available
(Font)              Font shape `T1/lmtt/b/n' tried instead on input line 871.


[12]
<Documento_files/figure-latex/unnamed-chunk-12-1.pdf, id=140, 469.755pt x 325.215pt>
File: Documento_files/figure-latex/unnamed-chunk-12-1.pdf Graphic file (type pdf)
<use Documento_files/figure-latex/unnamed-chunk-12-1.pdf>
Package pdftex.def Info: Documento_files/figure-latex/unnamed-chunk-12-1.pdf  used on input line 943.
(pdftex.def)             Requested size: 469.75386pt x 325.2142pt.


[13 <./Documento_files/figure-latex/unnamed-chunk-12-1.pdf>]
LaTeX Font Info:    Trying to load font information for TS1+lmtt on input line 1019.
(/Users/cornejo/Library/TinyTeX/texmf-dist/tex/latex/lm/ts1lmtt.fd
File: ts1lmtt.fd 2015/05/01 v1.6.1 Font defs for Latin Modern
)

[14]
File: images/3.1_phd_comics_final.png Graphic file (type png)
<use images/3.1_phd_comics_final.png>
Package pdftex.def Info: images/3.1_phd_comics_final.png  used on input line 1079.
(pdftex.def)             Requested size: 469.76987pt x 640.10922pt.

LaTeX Warning: Float too large for page by 13.62364pt on input line 1084.

File: images/3.2_version-graph.png Graphic file (type png)
<use images/3.2_version-graph.png>
Package pdftex.def Info: images/3.2_version-graph.png  used on input line 1111.
(pdftex.def)             Requested size: 187.89874pt x 304.96964pt.
<images/6.3_vc-local-github.png, id=166, 596.4684pt x 384.4764pt>
File: images/6.3_vc-local-github.png Graphic file (type png)
<use images/6.3_vc-local-github.png>
Package pdftex.def Info: images/6.3_vc-local-github.png  used on input line 1154.
(pdftex.def)             Requested size: 281.86922pt x 181.68951pt.
<images/6.4_ss3sim-github.png, id=167, 1409.265pt x 964.60374pt>
File: images/6.4_ss3sim-github.png Graphic file (type png)
<use images/6.4_ss3sim-github.png>
Package pdftex.def Info: images/6.4_ss3sim-github.png  used on input line 1172.
(pdftex.def)             Requested size: 469.74669pt x 321.52888pt.
<images/6.5_ss3sim-commits.png, id=168, 1416.29124pt x 1141.26375pt>
File: images/6.5_ss3sim-commits.png Graphic file (type png)
<use images/6.5_ss3sim-commits.png>
Package pdftex.def Info: images/6.5_ss3sim-commits.png  used on input line 1186.
(pdftex.def)             Requested size: 469.75475pt x 378.53377pt.
<images/6.6_ss3sim-diff.png, id=169, 1407.2575pt x 1091.07625pt>
File: images/6.6_ss3sim-diff.png Graphic file (type png)
<use images/6.6_ss3sim-diff.png>
Package pdftex.def Info: images/6.6_ss3sim-diff.png  used on input line 1199.
(pdftex.def)             Requested size: 469.7432pt x 364.20174pt.


[15]

[16]

[17 <./images/6.3_vc-local-github.png>]

[18 <./images/6.4_ss3sim-github.png>]

[19 <./images/6.5_ss3sim-commits.png>]

[20 <./images/6.6_ss3sim-diff.png>]
<images/6.7_git-flowchart.png, id=211, 602.25pt x 362.35374pt>
File: images/6.7_git-flowchart.png Graphic file (type png)
<use images/6.7_git-flowchart.png>
Package pdftex.def Info: images/6.7_git-flowchart.png  used on input line 1248.
(pdftex.def)             Requested size: 328.84004pt x 197.85208pt.
<images/6.8_new-repo-github.png, id=213, 945.5325pt x 808.01875pt>
File: images/6.8_new-repo-github.png Graphic file (type png)
<use images/6.8_new-repo-github.png>
Package pdftex.def Info: images/6.8_new-repo-github.png  used on input line 1304.
(pdftex.def)             Requested size: 469.76414pt x 401.44388pt.
<images/6.9_sasap-test-repo.png, id=214, 1324.95pt x 864.22874pt>
File: images/6.9_sasap-test-repo.png Graphic file (type png)
<use images/6.9_sasap-test-repo.png>
Package pdftex.def Info: images/6.9_sasap-test-repo.png  used on input line 1317.
(pdftex.def)             Requested size: 469.74393pt x 306.40114pt.


[21 <./images/6.7_git-flowchart.png>]

[22 <./images/6.8_new-repo-github.png>]

[23 <./images/6.9_sasap-test-repo.png>]
<images/6.10_sasap-test-edit.png, id=234, 1323.94624pt x 482.80376pt>
File: images/6.10_sasap-test-edit.png Graphic file (type png)
<use images/6.10_sasap-test-edit.png>
Package pdftex.def Info: images/6.10_sasap-test-edit.png  used on input line 1334.
(pdftex.def)             Requested size: 469.7517pt x 171.30444pt.
<images/6.11_sasap-test-commit.png, id=235, 1308.89pt x 450.68375pt>
File: images/6.11_sasap-test-commit.png Graphic file (type png)
<use images/6.11_sasap-test-commit.png>
Package pdftex.def Info: images/6.11_sasap-test-commit.png  used on input line 1343.
(pdftex.def)             Requested size: 469.74208pt x 161.744pt.
<images/6.12_sasap-test-displayed.png, id=236, 1319.93124pt x 985.6825pt>
File: images/6.12_sasap-test-displayed.png Graphic file (type png)
<use images/6.12_sasap-test-displayed.png>
Package pdftex.def Info: images/6.12_sasap-test-displayed.png  used on input line 1358.
(pdftex.def)             Requested size: 469.7571pt x 350.79959pt.
<images/6.13_sasap-test-clone-url.png, id=237, 591.20876pt x 258.9675pt>
File: images/6.13_sasap-test-clone-url.png Graphic file (type png)
<use images/6.13_sasap-test-clone-url.png>
Package pdftex.def Info: images/6.13_sasap-test-clone-url.png  used on input line 1385.
(pdftex.def)             Requested size: 469.76515pt x 205.77147pt.


[24 <./images/6.10_sasap-test-edit.png> <./images/6.11_sasap-test-commit.png>]

[25 <./images/6.12_sasap-test-displayed.png>]
<images/6.14_rstudio-clone-repo.png, id=253, 659.46375pt x 489.83pt>
File: images/6.14_rstudio-clone-repo.png Graphic file (type png)
<use images/6.14_rstudio-clone-repo.png>
Package pdftex.def Info: images/6.14_rstudio-clone-repo.png  used on input line 1438.
(pdftex.def)             Requested size: 469.77217pt x 348.93275pt.
<images/6.15_rstudio-sasap-test.png, id=254, 1514.65875pt x 1041.8925pt>
File: images/6.15_rstudio-sasap-test.png Graphic file (type png)
<use images/6.15_rstudio-sasap-test.png>
Package pdftex.def Info: images/6.15_rstudio-sasap-test.png  used on input line 1455.
(pdftex.def)             Requested size: 469.74738pt x 323.12642pt.


[26 <./images/6.13_sasap-test-clone-url.png>]

[27 <./images/6.14_rstudio-clone-repo.png>]

[28 <./images/6.15_rstudio-sasap-test.png>]
<images/6.16_rstudio-history-1.png, id=283, 1116.17pt x 1208.515pt>
File: images/6.16_rstudio-history-1.png Graphic file (type png)
<use images/6.16_rstudio-history-1.png>
Package pdftex.def Info: images/6.16_rstudio-history-1.png  used on input line 1491.
(pdftex.def)             Requested size: 469.75899pt x 508.62395pt.
<images/6.17_rstudio-status-pane.png, id=284, 824.07875pt x 155.58125pt>
File: images/6.17_rstudio-status-pane.png Graphic file (type png)
<use images/6.17_rstudio-status-pane.png>
Package pdftex.def Info: images/6.17_rstudio-status-pane.png  used on input line 1515.
(pdftex.def)             Requested size: 469.75491pt x 88.68697pt.
<images/6.18_rstudio-diff.png, id=285, 1116.17pt x 1208.515pt>
File: images/6.18_rstudio-diff.png Graphic file (type png)
<use images/6.18_rstudio-diff.png>
Package pdftex.def Info: images/6.18_rstudio-diff.png  used on input line 1528.
(pdftex.def)             Requested size: 469.75899pt x 508.62395pt.
<images/6.19_rstudio-commit-1.png, id=286, 1116.17pt x 1208.515pt>
File: images/6.19_rstudio-commit-1.png Graphic file (type png)
<use images/6.19_rstudio-commit-1.png>
Package pdftex.def Info: images/6.19_rstudio-commit-1.png  used on input line 1547.
(pdftex.def)             Requested size: 469.75899pt x 508.62395pt.
<images/6.20_rstudio-commit-2.png, id=287, 1116.17pt x 1208.515pt>
File: images/6.20_rstudio-commit-2.png Graphic file (type png)
<use images/6.20_rstudio-commit-2.png>
Package pdftex.def Info: images/6.20_rstudio-commit-2.png  used on input line 1575.
(pdftex.def)             Requested size: 469.75899pt x 508.62395pt.


[29]

[30 <./images/6.16_rstudio-history-1.png>]
<images/6.21_rstudio-history-2.png, id=303, 1116.17pt x 1208.515pt>
File: images/6.21_rstudio-history-2.png Graphic file (type png)
<use images/6.21_rstudio-history-2.png>
Package pdftex.def Info: images/6.21_rstudio-history-2.png  used on input line 1601.
(pdftex.def)             Requested size: 469.75899pt x 508.62395pt.
<images/6.22_rstudio-history-3.png, id=304, 988.69376pt x 139.52126pt>
File: images/6.22_rstudio-history-3.png Graphic file (type png)
<use images/6.22_rstudio-history-3.png>
Package pdftex.def Info: images/6.22_rstudio-history-3.png  used on input line 1622.
(pdftex.def)             Requested size: 469.75511pt x 66.2903pt.
<images/6.23_github-history.png, id=305, 1320.935pt x 578.16pt>
File: images/6.23_github-history.png Graphic file (type png)
<use images/6.23_github-history.png>
Package pdftex.def Info: images/6.23_github-history.png  used on input line 1636.
(pdftex.def)             Requested size: 469.75153pt x 205.60551pt.


[31 <./images/6.17_rstudio-status-pane.png>]

[32 <./images/6.18_rstudio-diff.png>]

[33 <./images/6.19_rstudio-commit-1.png>]

[34 <./images/6.20_rstudio-commit-2.png>]

[35 <./images/6.21_rstudio-history-2.png> <./images/6.22_rstudio-history-3.png>]

[36 <./images/6.23_github-history.png>]

[37] (./Documento.aux)
 ***********
LaTeX2e <2024-06-01> patch level 2
L3 programming layer <2024-07-20>
 ***********
 ) 
Here is how much of TeX's memory you used:
 14387 strings out of 475478
 233258 string characters out of 5774581
 1941957 words of memory out of 5000000
 36501 multiletter control sequences out of 15000+600000
 624278 words of font info for 182 fonts, out of 8000000 for 9000
 36 hyphenation exceptions out of 8191
 83i,6n,93p,1103b,542s stack positions out of 10000i,1000n,20000p,200000b,200000s
</Users/cornejo/Library/TinyTeX/texmf-dist/fonts/type1/public/lm/lmbx10.pfb></Users/cornejo/Library/TinyTeX/texmf-dist/fonts/type1/public/lm/lmbx12.pfb></Users/cornejo/Library/TinyTeX/texmf-dist/fonts/type1/public/lm/lmbxi10.pfb></Users/cornejo/Library/TinyTeX/texmf-dist/fonts/type1/public/lm/lmr10.pfb></Users/cornejo/Library/TinyTeX/texmf-dist/fonts/type1/public/lm/lmr12.pfb></Users/cornejo/Library/TinyTeX/texmf-dist/fonts/type1/public/lm/lmr17.pfb></Users/cornejo/Library/TinyTeX/texmf-dist/fonts/type1/public/lm/lmri10.pfb></Users/cornejo/Library/TinyTeX/texmf-dist/fonts/type1/public/lm/lmtk10.pfb></Users/cornejo/Library/TinyTeX/texmf-dist/fonts/type1/public/lm/lmtko10.pfb></Users/cornejo/Library/TinyTeX/texmf-dist/fonts/type1/public/lm/lmtt10.pfb></Users/cornejo/Library/TinyTeX/texmf-dist/fonts/type1/public/lm/lmtti10.pfb>
Output written on Documento.pdf (37 pages, 6479454 bytes).
PDF statistics:
 617 PDF objects out of 1000 (max. 8388607)
 492 compressed objects within 5 object streams
 142 named destinations out of 1000 (max. 500000)
 33362 words of extra memory for PDF output out of 35830 (max. 10000000)

